<?xml version="1.0" encoding="UTF-8"?>
<testng-results skipped="0" failed="0" total="3" passed="3">
  <reporter-output>
  </reporter-output>
  <suite name="Suite" duration-ms="19058" started-at="2018-05-15T11:45:25Z" finished-at="2018-05-15T11:45:44Z">
    <groups>
    </groups>
    <test name="Regression 2" duration-ms="17653" started-at="2018-05-15T11:45:25Z" finished-at="2018-05-15T11:45:43Z">
      <class name="GridParallel">
        <test-method status="PASS" signature="beforeClass(java.lang.String)[pri:0, instance:GridParallel@5f341870]" name="beforeClass" duration-ms="17597" started-at="2018-05-15T17:15:25Z" finished-at="2018-05-15T17:15:43Z">
          <params>
            <param index="0">
              <value>
                <![CDATA[chrome]]>
              </value>
            </param>
          </params>
          <reporter-output>
          </reporter-output>
        </test-method> <!-- beforeClass -->
        <test-method status="PASS" signature="afterClass()[pri:0, instance:GridParallel@5f341870]" name="afterClass" is-config="true" duration-ms="1" started-at="2018-05-15T17:15:43Z" finished-at="2018-05-15T17:15:43Z">
          <reporter-output>
          </reporter-output>
        </test-method> <!-- afterClass -->
      </class> <!-- GridParallel -->
    </test> <!-- Regression 2 -->
    <test name="Regression 3" duration-ms="18453" started-at="2018-05-15T11:45:25Z" finished-at="2018-05-15T11:45:44Z">
      <class name="GridParallel">
        <test-method status="PASS" signature="beforeClass(java.lang.String)[pri:0, instance:GridParallel@402a079c]" name="beforeClass" duration-ms="18405" started-at="2018-05-15T17:15:25Z" finished-at="2018-05-15T17:15:44Z">
          <params>
            <param index="0">
              <value>
                <![CDATA[chrome]]>
              </value>
            </param>
          </params>
          <reporter-output>
          </reporter-output>
        </test-method> <!-- beforeClass -->
        <test-method status="PASS" signature="afterClass()[pri:0, instance:GridParallel@402a079c]" name="afterClass" is-config="true" duration-ms="1" started-at="2018-05-15T17:15:44Z" finished-at="2018-05-15T17:15:44Z">
          <reporter-output>
          </reporter-output>
        </test-method> <!-- afterClass -->
      </class> <!-- GridParallel -->
    </test> <!-- Regression 3 -->
    <test name="Regression 1" duration-ms="19058" started-at="2018-05-15T11:45:25Z" finished-at="2018-05-15T11:45:44Z">
      <class name="GridParallel">
        <test-method status="PASS" signature="beforeClass(java.lang.String)[pri:0, instance:GridParallel@6f7fd0e6]" name="beforeClass" duration-ms="19009" started-at="2018-05-15T17:15:25Z" finished-at="2018-05-15T17:15:44Z">
          <params>
            <param index="0">
              <value>
                <![CDATA[chrome]]>
              </value>
            </param>
          </params>
          <reporter-output>
          </reporter-output>
        </test-method> <!-- beforeClass -->
        <test-method status="PASS" signature="afterClass()[pri:0, instance:GridParallel@6f7fd0e6]" name="afterClass" is-config="true" duration-ms="0" started-at="2018-05-15T17:15:44Z" finished-at="2018-05-15T17:15:44Z">
          <reporter-output>
          </reporter-output>
        </test-method> <!-- afterClass -->
      </class> <!-- GridParallel -->
    </test> <!-- Regression 1 -->
  </suite> <!-- Suite -->
</testng-results>
